<?xml version="1.0" encoding="windows-1252" standalone="no"?>
<!DOCTYPE log SYSTEM "logger.dtd">
<log>
<record>
  <date>2022-09-08T14:15:18.164417600Z</date>
  <millis>1662646518164</millis>
  <nanos>417600</nanos>
  <sequence>9</sequence>
  <logger>Device2</logger>
  <level>INFO</level>
  <class>com.powerappsBremen.Sample</class>
  <method>subscribe</method>
  <thread>1</thread>
  <message>Connected to tcp://localhost:3883 with client ID paho42668694346332</message>
</record>
<record>
  <date>2022-09-08T14:15:18.166417600Z</date>
  <millis>1662646518166</millis>
  <nanos>417600</nanos>
  <sequence>10</sequence>
  <logger>Device2</logger>
  <level>INFO</level>
  <class>com.powerappsBremen.Sample</class>
  <method>subscribe</method>
  <thread>1</thread>
  <message>Subscribing to topic:  application/3/device/+/event/up qos 0</message>
</record>
