<?xml version="1.0" encoding="windows-1252" standalone="no"?>
<!DOCTYPE log SYSTEM "logger.dtd">
<log>
<record>
  <date>2022-09-08T14:15:18.134416100Z</date>
  <millis>1662646518134</millis>
  <nanos>416100</nanos>
  <sequence>5</sequence>
  <logger>Topic1</logger>
  <level>INFO</level>
  <class>com.powerappsBremen.Sample</class>
  <method>subscribe</method>
  <thread>1</thread>
  <message>Connected to tcp://localhost:3883 with client ID paho42668603499326</message>
</record>
<record>
  <date>2022-09-08T14:15:18.138415700Z</date>
  <millis>1662646518138</millis>
  <nanos>415700</nanos>
  <sequence>6</sequence>
  <logger>Topic1</logger>
  <level>INFO</level>
  <class>com.powerappsBremen.Sample</class>
  <method>subscribe</method>
  <thread>1</thread>
  <message>Subscribing to topic:  smartboard/Topic1 qos 0</message>
</record>
